Determining if the pthread_create exist failed with the following output:
Change Dir: /home/lan/Desktop/use-caffe/cmake-build-debug/CMakeFiles/CMakeTmp

Run Build Command:"/usr/bin/make" "cmTC_a2ff7/fast"
/usr/bin/make -f CMakeFiles/cmTC_a2ff7.dir/build.make CMakeFiles/cmTC_a2ff7.dir/build
make[1]: Entering directory '/home/lan/桌面/use-caffe/cmake-build-debug/CMakeFiles/CMakeTmp'
Building C object CMakeFiles/cmTC_a2ff7.dir/CheckSymbolExists.c.o
/usr/bin/cc   -fPIC    -o CMakeFiles/cmTC_a2ff7.dir/CheckSymbolExists.c.o   -c /home/lan/Desktop/use-caffe/cmake-build-debug/CMakeFiles/CMakeTmp/CheckSymbolExists.c
Linking C executable cmTC_a2ff7
/usr/bin/cmake -E cmake_link_script CMakeFiles/cmTC_a2ff7.dir/link.txt --verbose=1
/usr/bin/cc -fPIC     -rdynamic CMakeFiles/cmTC_a2ff7.dir/CheckSymbolExists.c.o  -o cmTC_a2ff7 
CMakeFiles/cmTC_a2ff7.dir/CheckSymbolExists.c.o：在函数‘main’中：
CheckSymbolExists.c:(.text+0x1b)：对‘pthread_create’未定义的引用
collect2: error: ld returned 1 exit status
CMakeFiles/cmTC_a2ff7.dir/build.make:86: recipe for target 'cmTC_a2ff7' failed
make[1]: *** [cmTC_a2ff7] Error 1
make[1]: Leaving directory '/home/lan/桌面/use-caffe/cmake-build-debug/CMakeFiles/CMakeTmp'
Makefile:121: recipe for target 'cmTC_a2ff7/fast' failed
make: *** [cmTC_a2ff7/fast] Error 2

File /home/lan/Desktop/use-caffe/cmake-build-debug/CMakeFiles/CMakeTmp/CheckSymbolExists.c:
/* */
#include <pthread.h>

int main(int argc, char** argv)
{
  (void)argv;
#ifndef pthread_create
  return ((int*)(&pthread_create))[argc];
#else
  (void)argc;
  return 0;
#endif
}

Determining if the function pthread_create exists in the pthreads failed with the following output:
Change Dir: /home/lan/Desktop/use-caffe/cmake-build-debug/CMakeFiles/CMakeTmp

Run Build Command:"/usr/bin/make" "cmTC_4bbfd/fast"
/usr/bin/make -f CMakeFiles/cmTC_4bbfd.dir/build.make CMakeFiles/cmTC_4bbfd.dir/build
make[1]: Entering directory '/home/lan/桌面/use-caffe/cmake-build-debug/CMakeFiles/CMakeTmp'
Building C object CMakeFiles/cmTC_4bbfd.dir/CheckFunctionExists.c.o
/usr/bin/cc   -fPIC -DCHECK_FUNCTION_EXISTS=pthread_create   -o CMakeFiles/cmTC_4bbfd.dir/CheckFunctionExists.c.o   -c /usr/share/cmake-3.13/Modules/CheckFunctionExists.c
Linking C executable cmTC_4bbfd
/usr/bin/cmake -E cmake_link_script CMakeFiles/cmTC_4bbfd.dir/link.txt --verbose=1
/usr/bin/cc -fPIC -DCHECK_FUNCTION_EXISTS=pthread_create    -rdynamic CMakeFiles/cmTC_4bbfd.dir/CheckFunctionExists.c.o  -o cmTC_4bbfd -lpthreads 
/usr/bin/ld: 找不到 -lpthreads
collect2: error: ld returned 1 exit status
CMakeFiles/cmTC_4bbfd.dir/build.make:86: recipe for target 'cmTC_4bbfd' failed
make[1]: *** [cmTC_4bbfd] Error 1
make[1]: Leaving directory '/home/lan/桌面/use-caffe/cmake-build-debug/CMakeFiles/CMakeTmp'
Makefile:121: recipe for target 'cmTC_4bbfd/fast' failed
make: *** [cmTC_4bbfd/fast] Error 2


